<?xml version="1.0" encoding="UTF-8"?>
<!-- Generated by org.testng.reporters.JUnitXMLReporter -->
<testsuite hostname="DESKTOP-27EOKUJ" name="SmokeTestScenario" tests="3" failures="0" timestamp="15 Dec 2017 07:16:40 GMT" time="148.687" errors="0">
  <testcase name="testHomepage" time="24.807" classname="testcases.VerifyLoginpage"/>
  <testcase name="testHomepage" time="10.338" classname="testcases.VeryHomepage"/>
  <testcase name="testHomepage" time="35.909" classname="testcases.MenproductVerify"/>
</testsuite> <!-- SmokeTestScenario -->
